Build started 10/01/2016 20:38:56.
     1>Project "D:\UNI\Level 5\FGGS\DX11 Framework\DX11 Framework.vcxproj" on node 2 (Build target(s)).
     1>ClCompile:
         C:\Program Files (x86)\Microsoft Visual Studio 12.0\VC\bin\CL.exe /c /ZI /nologo /W4 /WX- /Od /Oi /Oy- /D WIN32 /D _DEBUG /D DEBUG /D PROFILE /D _WINDOWS /D D3DXFX_LARGEADDRESS_HANDLE /D _UNICODE /D UNICODE /Gm- /EHsc /RTC1 /MDd /GS /arch:SSE2 /fp:fast /Zc:wchar_t /Zc:forScope /openmp- /Fo"Debug\\" /Fd"Debug\vc120.pdb" /Gd /TP /analyze- /errorReport:prompt  Application.cpp Camera.cpp DDSTextureLoader.cpp "DX11 Framework.cpp" GameObject.cpp OBJLoader.cpp
         Application.cpp
     1>d:\uni\level 5\fggs\dx11 framework\application.cpp(91): warning C4244: 'argument' : conversion from 'UINT' to 'FLOAT', possible loss of data
     1>d:\uni\level 5\fggs\dx11 framework\application.cpp(99): warning C4244: 'argument' : conversion from 'UINT' to 'FLOAT', possible loss of data
     1>d:\uni\level 5\fggs\dx11 framework\application.cpp(105): warning C4244: 'argument' : conversion from 'UINT' to 'FLOAT', possible loss of data
         Camera.cpp
         DDSTextureLoader.cpp
         DX11 Framework.cpp
         GameObject.cpp
     1>d:\uni\level 5\fggs\dx11 framework\gameobject.cpp(48): warning C4100: 'elapsedTime' : unreferenced formal parameter
     1>d:\uni\level 5\fggs\dx11 framework\gameobject.cpp(53): warning C4100: 'pd3dDevice' : unreferenced formal parameter
         OBJLoader.cpp
         Generating Code...
     1>d:\uni\level 5\fggs\dx11 framework\camera.cpp(27): warning C4706: assignment within conditional expression
       ResourceCompile:
         C:\Program Files (x86)\Windows Kits\8.1\bin\x86\rc.exe /D _UNICODE /D UNICODE /l"0x0409" /nologo /fo"Debug\DX11 Framework.res" "DX11 Framework.rc" 
       Link:
         C:\Program Files (x86)\Microsoft Visual Studio 12.0\VC\bin\link.exe /ERRORREPORT:PROMPT /OUT:"D:\UNI\Level 5\FGGS\DX11 Framework\Debug\DX11 Framework.exe" /INCREMENTAL /NOLOGO d3d11.lib d3dcompiler.lib dxguid.lib winmm.lib comctl32.lib kernel32.lib user32.lib gdi32.lib winspool.lib comdlg32.lib advapi32.lib shell32.lib ole32.lib oleaut32.lib uuid.lib odbc32.lib odbccp32.lib /MANIFEST /MANIFESTUAC:"level='asInvoker' uiAccess='false'" /manifest:embed /manifestinput:"C:\Program Files (x86)\Microsoft Visual Studio 12.0\VC\Include\Manifest\dpiaware.manifest" /DEBUG /PDB:"D:\UNI\Level 5\FGGS\DX11 Framework\Debug\DX11 Framework.pdb" /SUBSYSTEM:WINDOWS /LARGEADDRESSAWARE /TLBID:1 /DYNAMICBASE /NXCOMPAT /IMPLIB:"D:\UNI\Level 5\FGGS\DX11 Framework\Debug\DX11 Framework.lib" /MACHINE:X86 /SAFESEH  "Debug\DX11 Framework.res"
         Debug\Application.obj
         Debug\Camera.obj
         Debug\DDSTextureLoader.obj
         "Debug\DX11 Framework.obj"
         Debug\GameObject.obj
         Debug\OBJLoader.obj
     1>Application.obj : warning LNK4075: ignoring '/EDITANDCONTINUE' due to '/SAFESEH' specification
         DX11 Framework.vcxproj -> D:\UNI\Level 5\FGGS\DX11 Framework\Debug\DX11 Framework.exe
     1>Done Building Project "D:\UNI\Level 5\FGGS\DX11 Framework\DX11 Framework.vcxproj" (Build target(s)).

Build succeeded.

Time Elapsed 00:00:05.16
